c:\users\jb\desktop\programmering\radarserverforandroid\radarserverforandroid\debug\vc140.pdb
c:\users\jb\desktop\programmering\radarserverforandroid\radarserverforandroid\debug\vc140.idb
c:\users\jb\desktop\programmering\radarserverforandroid\radarserverforandroid\debug\client.obj
c:\users\jb\desktop\programmering\radarserverforandroid\radarserverforandroid\debug\connectionhandler.obj
c:\users\jb\desktop\programmering\radarserverforandroid\radarserverforandroid\debug\main.obj
c:\users\jb\desktop\programmering\radarserverforandroid\radarserverforandroid\debug\server.obj
c:\users\jb\desktop\programmering\radarserverforandroid\radarserverforandroid\debug\messagehandler.obj
c:\users\jb\desktop\programmering\radarserverforandroid\radarserverforandroid\debug\player.obj
c:\users\jb\desktop\programmering\radarserverforandroid\radarserverforandroid\debug\playerextractormock.obj
c:\users\jb\desktop\programmering\radarserverforandroid\radarserverforandroid\debug\localplayer.obj
c:\users\jb\desktop\programmering\radarserverforandroid\radarserverforandroid\debug\entityplayer.obj
c:\users\jb\desktop\programmering\radarserverforandroid\radarserverforandroid\debug\gamehandler.obj
c:\users\jb\desktop\programmering\radarserverforandroid\radarserverforandroid\debug\playerextractorimpl.obj
c:\users\jb\desktop\programmering\radarserverforandroid\radarserverforandroid\debug\playerhandler.obj
c:\users\jb\desktop\programmering\radarserverforandroid\radarserverforandroid\debug\playersjson.obj
c:\users\jb\desktop\programmering\radarserverforandroid\debug\radarserverforandroid.ilk
c:\users\jb\desktop\programmering\radarserverforandroid\debug\radarserverforandroid.exe
c:\users\jb\desktop\programmering\radarserverforandroid\debug\radarserverforandroid.pdb
c:\users\jb\desktop\programmering\radarserverforandroid\radarserverforandroid\debug\radarser.6f26df23.tlog\cl.command.1.tlog
c:\users\jb\desktop\programmering\radarserverforandroid\radarserverforandroid\debug\radarser.6f26df23.tlog\cl.read.1.tlog
c:\users\jb\desktop\programmering\radarserverforandroid\radarserverforandroid\debug\radarser.6f26df23.tlog\cl.write.1.tlog
c:\users\jb\desktop\programmering\radarserverforandroid\radarserverforandroid\debug\radarser.6f26df23.tlog\link.command.1.tlog
c:\users\jb\desktop\programmering\radarserverforandroid\radarserverforandroid\debug\radarser.6f26df23.tlog\link.read.1.tlog
c:\users\jb\desktop\programmering\radarserverforandroid\radarserverforandroid\debug\radarser.6f26df23.tlog\link.write.1.tlog
